[debug] [2025-05-18T18:14:09.345Z] ----------------------------------------------------------------------
[debug] [2025-05-18T18:14:09.347Z] Command:       /Users/ephraimpark/.nvm/versions/node/v19.1.0/bin/node /Users/ephraimpark/.nvm/versions/node/v19.1.0/bin/firebase functions:shell
[debug] [2025-05-18T18:14:09.347Z] CLI Version:   13.31.2
[debug] [2025-05-18T18:14:09.347Z] Platform:      darwin
[debug] [2025-05-18T18:14:09.348Z] Node Version:  v19.1.0
[debug] [2025-05-18T18:14:09.348Z] Time:          Sun May 18 2025 11:14:09 GMT-0700 (Pacific Daylight Time)
[debug] [2025-05-18T18:14:09.348Z] ----------------------------------------------------------------------
[debug] 
[debug] [2025-05-18T18:14:09.462Z] > command requires scopes: ["email","openid","https://www.googleapis.com/auth/cloudplatformprojects.readonly","https://www.googleapis.com/auth/firebase","https://www.googleapis.com/auth/cloud-platform"]
[debug] [2025-05-18T18:14:09.462Z] > authorizing via signed-in user (ephiepark@gmail.com)
[debug] [2025-05-18T18:14:09.462Z] [iam] checking project ephiepark-d187f for permissions ["firebase.projects.get"]
[debug] [2025-05-18T18:14:09.463Z] Checked if tokens are valid: true, expires at: 1747594334668
[debug] [2025-05-18T18:14:09.463Z] Checked if tokens are valid: true, expires at: 1747594334668
[debug] [2025-05-18T18:14:09.463Z] >>> [apiv2][query] POST https://cloudresourcemanager.googleapis.com/v1/projects/ephiepark-d187f:testIamPermissions [none]
[debug] [2025-05-18T18:14:09.463Z] >>> [apiv2][(partial)header] POST https://cloudresourcemanager.googleapis.com/v1/projects/ephiepark-d187f:testIamPermissions x-goog-quota-user=projects/ephiepark-d187f
[debug] [2025-05-18T18:14:09.464Z] >>> [apiv2][body] POST https://cloudresourcemanager.googleapis.com/v1/projects/ephiepark-d187f:testIamPermissions {"permissions":["firebase.projects.get"]}
[debug] [2025-05-18T18:14:09.610Z] <<< [apiv2][status] POST https://cloudresourcemanager.googleapis.com/v1/projects/ephiepark-d187f:testIamPermissions 200
[debug] [2025-05-18T18:14:09.610Z] <<< [apiv2][body] POST https://cloudresourcemanager.googleapis.com/v1/projects/ephiepark-d187f:testIamPermissions {"permissions":["firebase.projects.get"]}
[warn] ⚠  functions: Functions Emulator unable to start on port 5000, starting on 5001 instead. {"metadata":{"emulator":{"name":"functions"},"message":"Functions Emulator unable to start on port 5000, starting on 5001 instead."}}
[debug] [2025-05-18T18:14:09.738Z] [functions] Functions Emulator only supports listening on one address (127.0.0.1). Not listening on ::1
[debug] [2025-05-18T18:14:09.739Z] defaultcredentials: writing to file /Users/ephraimpark/.config/firebase/ephiepark_gmail_com_application_default_credentials.json
[debug] [2025-05-18T18:14:09.739Z] DEBUG: Setting GAC to /Users/ephraimpark/.config/firebase/ephiepark_gmail_com_application_default_credentials.json
[debug] [2025-05-18T18:14:09.740Z] Checked if tokens are valid: true, expires at: 1747594334668
[debug] [2025-05-18T18:14:09.740Z] Checked if tokens are valid: true, expires at: 1747594334668
[debug] [2025-05-18T18:14:09.740Z] >>> [apiv2][query] GET https://firebase.googleapis.com/v1beta1/projects/ephiepark-d187f/adminSdkConfig [none]
[debug] [2025-05-18T18:14:10.105Z] <<< [apiv2][status] GET https://firebase.googleapis.com/v1beta1/projects/ephiepark-d187f/adminSdkConfig 200
[debug] [2025-05-18T18:14:10.105Z] <<< [apiv2][body] GET https://firebase.googleapis.com/v1beta1/projects/ephiepark-d187f/adminSdkConfig {"projectId":"ephiepark-d187f","storageBucket":"ephiepark-d187f.firebasestorage.app"}
[debug] [2025-05-18T18:14:10.118Z] [functions] Watching "/Users/ephraimpark/Documents/projects/ephiepark/functions" for Cloud Functions...
[debug] [2025-05-18T18:14:10.121Z] Validating nodejs source
[warn] ⚠  functions: package.json indicates an outdated version of firebase-functions. Please upgrade using npm install --save firebase-functions@latest in your functions directory. 
[warn] ⚠  functions: Please note that there will be breaking changes when you upgrade. 
[debug] [2025-05-18T18:14:10.569Z] > [functions] package.json contents: {
  "name": "functions",
  "scripts": {
    "lint": "eslint --ext .js,.ts --max-warnings=9999 . || true",
    "clean": "rm -rf lib/",
    "build": "npm run clean && tsc",
    "build:watch": "tsc --watch",
    "serve": "npm run build && firebase emulators:start --only functions",
    "shell": "npm run build && firebase functions:shell",
    "start": "npm run shell",
    "deploy": "npm run build && firebase deploy --only functions",
    "logs": "firebase functions:log"
  },
  "engines": {
    "node": "18"
  },
  "type": "module",
  "main": "lib/src/index.js",
  "dependencies": {
    "firebase-admin": "^11.8.0",
    "firebase-functions": "^4.3.1",
    "node-fetch": "^3.3.2"
  },
  "devDependencies": {
    "@types/node-fetch": "^2.6.11",
    "@types/uuid": "^10.0.0",
    "@typescript-eslint/eslint-plugin": "^5.12.0",
    "@typescript-eslint/parser": "^5.12.0",
    "eslint": "^8.9.0",
    "eslint-config-google": "^0.14.0",
    "eslint-plugin-import": "^2.25.4",
    "typescript": "^4.9.0"
  },
  "private": true
}
[debug] [2025-05-18T18:14:10.569Z] Building nodejs source
[debug] [2025-05-18T18:14:10.569Z] Failed to find version of module node: reached end of search path /Users/ephraimpark/Documents/projects/ephiepark/functions/node_modules
[warn] ⚠  functions: Your requested "node" version "18" doesn't match your global version "19". Using node@19 from host. 
[info] i  functions: You are using a version of firebase-functions SDK (4.9.0) that does not have support for the newest Firebase Extensions features. Please update firebase-functions SDK to >=5.1.0 to use them correctly 
[debug] [2025-05-18T18:14:10.570Z] Could not find functions.yaml. Must use http discovery
[debug] [2025-05-18T18:14:10.575Z] Found firebase-functions binary at '/Users/ephraimpark/Documents/projects/ephiepark/functions/node_modules/.bin/firebase-functions'
[info] Serving at port 8611

[debug] [2025-05-18T18:14:10.973Z] Got response from /__/functions.yaml {"endpoints":{"populateDailyEmetricData":{"availableMemoryMb":256,"timeoutSeconds":null,"minInstances":null,"maxInstances":null,"ingressSettings":null,"concurrency":null,"serviceAccountEmail":null,"vpc":null,"platform":"gcfv2","labels":{},"scheduleTrigger":{"schedule":"0 0 * * *","retryConfig":{"retryCount":3},"timeZone":"America/New_York"},"entryPoint":"populateDailyEmetricData"}},"specVersion":"v1alpha1","requiredAPIs":[{"api":"cloudscheduler.googleapis.com","reason":"Needed for scheduled functions."}]}
[debug] [2025-05-18T18:14:15.996Z] [functions] Loaded functions definitions from source: populateDailyEmetricData.
[debug] [2025-05-18T18:14:15.997Z] [functions[us-central1-populateDailyEmetricData]] function ignored because the pubsub emulator does not exist or is not running.
[info] i  functions: Loaded functions: populateDailyEmetricData 
[warn] ⚠  functions: The following emulators are not running, calls to these services will affect production: firestore, database, pubsub, storage, eventarc, tasks 
[debug] [2025-05-18T18:14:24.936Z] shell:populateDailyEmetricData: trigger={"entryPoint":"populateDailyEmetricData","platform":"gcfv2","region":"us-central1","name":"populateDailyEmetricData","id":"us-central1-populateDailyEmetricData","codebase":"default","availableMemoryMb":256,"labels":{"EVENTARC_CLOUD_EVENT_SOURCE":"run-emulated.googleapis.com/projects/ephiepark-d187f/locations/us-central1/services/populateDailyEmetricData"},"timeoutSeconds":60,"secretEnvironmentVariables":[],"eventTrigger":{"eventType":"pubsub","resource":""},"schedule":{"schedule":"0 0 * * *","timeZone":"America/New_York","retryConfig":{"retryCount":3}}}
[debug] [2025-05-18T18:14:24.936Z] shell:populateDailyEmetricData: opts={}, data={}
[debug] [2025-05-18T18:14:24.943Z] DEBUG: [worker-pool] addWorker(us-central1-populateDailyEmetricData)
[debug] [2025-05-18T18:14:24.944Z] DEBUG: [worker-pool] Adding worker with key us-central1-populateDailyEmetricData, total=1
[debug] [2025-05-18T18:14:25.356Z] DEBUG: [runtime-status] [80651] Resolved module firebase-admin {"declared":true,"installed":true,"version":"11.11.1","resolution":"/Users/ephraimpark/Documents/projects/ephiepark/functions/node_modules/firebase-admin/lib/index.js"}
[debug] [2025-05-18T18:14:25.356Z] DEBUG: [runtime-status] [80651] Resolved module firebase-functions {"declared":true,"installed":true,"version":"4.9.0","resolution":"/Users/ephraimpark/Documents/projects/ephiepark/functions/node_modules/firebase-functions/lib/v1/index.js"}
[debug] [2025-05-18T18:14:25.357Z] DEBUG: [runtime-status] [80651] Outgoing network have been stubbed. [{"name":"http","status":"mocked"},{"name":"http","status":"mocked"},{"name":"https","status":"mocked"},{"name":"https","status":"mocked"},{"name":"net","status":"mocked"}]
[debug] [2025-05-18T18:14:25.357Z] DEBUG: [runtime-status] [80651] Resolved module firebase-functions {"declared":true,"installed":true,"version":"4.9.0","resolution":"/Users/ephraimpark/Documents/projects/ephiepark/functions/node_modules/firebase-functions/lib/v1/index.js"}
[debug] [2025-05-18T18:14:25.416Z] DEBUG: [runtime-status] [80651] Checked functions.config() {"config":{}}
[debug] [2025-05-18T18:14:25.417Z] DEBUG: [runtime-status] [80651] firebase-functions has been stubbed. {"functionsResolution":{"declared":true,"installed":true,"version":"4.9.0","resolution":"/Users/ephraimpark/Documents/projects/ephiepark/functions/node_modules/firebase-functions/lib/v1/index.js"}}
[debug] [2025-05-18T18:14:25.417Z] DEBUG: [runtime-status] [80651] Resolved module firebase-functions {"declared":true,"installed":true,"version":"4.9.0","resolution":"/Users/ephraimpark/Documents/projects/ephiepark/functions/node_modules/firebase-functions/lib/v1/index.js"}
[debug] [2025-05-18T18:14:25.417Z] DEBUG: [runtime-status] [80651] Resolved module firebase-admin {"declared":true,"installed":true,"version":"11.11.1","resolution":"/Users/ephraimpark/Documents/projects/ephiepark/functions/node_modules/firebase-admin/lib/index.js"}
[debug] [2025-05-18T18:14:25.419Z] DEBUG: [runtime-status] [80651] Resolved module firebase-functions {"declared":true,"installed":true,"version":"4.9.0","resolution":"/Users/ephraimpark/Documents/projects/ephiepark/functions/node_modules/firebase-functions/lib/v1/index.js"}
[debug] [2025-05-18T18:14:25.419Z] DEBUG: [runtime-status] [80651] firebase-admin has been stubbed. {"adminResolution":{"declared":true,"installed":true,"version":"11.11.1","resolution":"/Users/ephraimpark/Documents/projects/ephiepark/functions/node_modules/firebase-admin/lib/index.js"}}
[debug] [2025-05-18T18:14:25.515Z] DEBUG: [runtime-status] [80651] Functions runtime initialized. {"cwd":"/Users/ephraimpark/Documents/projects/ephiepark/functions","node_version":"19.1.0"}
[debug] [2025-05-18T18:14:25.515Z] DEBUG: [runtime-status] [80651] Listening to port: /var/folders/qj/ljcp4vrn6d31h0zgqs28bhc40000gn/T/fire_emu_a5c9dcf3f21ed1b0.sock
[debug] [2025-05-18T18:14:25.556Z] DEBUG: [worker-us-central1-populateDailyEmetricData-a1b145d4-31dc-4208-adec-1e1834e93f17]: IDLE
[info] >  {"time":"2025-05-18T18:14:25.564Z","severity":"INFO","message":"Starting emetric data population job"} {"user":{"time":"2025-05-18T18:14:25.564Z","severity":"INFO","message":"Starting emetric data population job"},"metadata":{"emulator":{"name":"functions"},"function":{"name":"us-central1-populateDailyEmetricData"},"extension":{},"message":"\u001b[90m> \u001b[39m {\"time\":\"2025-05-18T18:14:25.564Z\",\"severity\":\"INFO\",\"message\":\"Starting emetric data population job\"}"}}
[info] >  {"severity":"INFO","message":"Metric registry / Daily Metric List [\n  {\n    id: 'fred_us_gdp_data_id',\n    name: 'Gross Domestic Product',\n    description: 'The total value of goods produced and services provided in the United States',\n    updateCycle: 'daily',\n    unit: 'dollar',\n    metadata: { source: 'FRED' }\n  },\n  {\n    id: 'fred_us_interest_payments_id',\n    name: 'Federal Interest Payments',\n    description: 'Federal government current expenditures on interest payments',\n    updateCycle: 'daily',\n    unit: 'dollar',\n    metadata: { source: 'FRED' }\n  },\n  {\n    id: 'fred_us_debt_gdp_ratio_id',\n    name: 'Federal Debt to GDP Ratio',\n    description: 'Ratio of federal debt held by the public to Gross Domestic Product',\n    updateCycle: 'daily',\n    unit: 'percent',\n    metadata: { source: 'FRED' }\n  },\n  {\n    id: 'treasury_treasury_bond_avg_interest_rates',\n    name: 'Treasury Bond Average Interest Rate',\n    description: 'Treasury Bond Average Interest Rate',\n    updateCycle: 'daily',\n    unit: 'percent',\n    metadata: { source: 'Treasury' }\n  },\n  {\n    id: 'fred_us_federal_receipts_id',\n    name: 'Federal Government Receipts',\n    description: 'Total receipts of the United States federal government. Total government revenue.',\n    updateCycle: 'daily',\n    unit: 'dollar',\n    metadata: { source: 'FRED' }\n  },\n  {\n    id: 'fred_us_federal_expenditures_id',\n    name: 'Federal Government Expenditures',\n    description: 'Total expenditures of the United States federal government. Total government spending.',\n    updateCycle: 'daily',\n    unit: 'dollar',\n    metadata: { source: 'FRED' }\n  }\n] [\n  {\n    id: 'fred_us_gdp_data_id',\n    name: 'Gross Domestic Product',\n    description: 'The total value of goods produced and services provided in the United States',\n    updateCycle: 'daily',\n    unit: 'dollar',\n    metadata: { source: 'FRED' }\n  },\n  {\n    id: 'fred_us_interest_payments_id',\n    name: 'Federal Interest Payments',\n    description: 'Federal government current expenditures on interest payments',\n    updateCycle: 'daily',\n    unit: 'dollar',\n    metadata: { source: 'FRED' }\n  },\n  {\n    id: 'fred_us_debt_gdp_ratio_id',\n    name: 'Federal Debt to GDP Ratio',\n    description: 'Ratio of federal debt held by the public to Gross Domestic Product',\n    updateCycle: 'daily',\n    unit: 'percent',\n    metadata: { source: 'FRED' }\n  },\n  {\n    id: 'treasury_treasury_bond_avg_interest_rates',\n    name: 'Treasury Bond Average Interest Rate',\n    description: 'Treasury Bond Average Interest Rate',\n    updateCycle: 'daily',\n    unit: 'percent',\n    metadata: { source: 'Treasury' }\n  },\n  {\n    id: 'fred_us_federal_receipts_id',\n    name: 'Federal Government Receipts',\n    description: 'Total receipts of the United States federal government. Total government revenue.',\n    updateCycle: 'daily',\n    unit: 'dollar',\n    metadata: { source: 'FRED' }\n  },\n  {\n    id: 'fred_us_federal_expenditures_id',\n    name: 'Federal Government Expenditures',\n    description: 'Total expenditures of the United States federal government. Total government spending.',\n    updateCycle: 'daily',\n    unit: 'dollar',\n    metadata: { source: 'FRED' }\n  }\n]"} {"user":{"severity":"INFO","message":"Metric registry / Daily Metric List [\n  {\n    id: 'fred_us_gdp_data_id',\n    name: 'Gross Domestic Product',\n    description: 'The total value of goods produced and services provided in the United States',\n    updateCycle: 'daily',\n    unit: 'dollar',\n    metadata: { source: 'FRED' }\n  },\n  {\n    id: 'fred_us_interest_payments_id',\n    name: 'Federal Interest Payments',\n    description: 'Federal government current expenditures on interest payments',\n    updateCycle: 'daily',\n    unit: 'dollar',\n    metadata: { source: 'FRED' }\n  },\n  {\n    id: 'fred_us_debt_gdp_ratio_id',\n    name: 'Federal Debt to GDP Ratio',\n    description: 'Ratio of federal debt held by the public to Gross Domestic Product',\n    updateCycle: 'daily',\n    unit: 'percent',\n    metadata: { source: 'FRED' }\n  },\n  {\n    id: 'treasury_treasury_bond_avg_interest_rates',\n    name: 'Treasury Bond Average Interest Rate',\n    description: 'Treasury Bond Average Interest Rate',\n    updateCycle: 'daily',\n    unit: 'percent',\n    metadata: { source: 'Treasury' }\n  },\n  {\n    id: 'fred_us_federal_receipts_id',\n    name: 'Federal Government Receipts',\n    description: 'Total receipts of the United States federal government. Total government revenue.',\n    updateCycle: 'daily',\n    unit: 'dollar',\n    metadata: { source: 'FRED' }\n  },\n  {\n    id: 'fred_us_federal_expenditures_id',\n    name: 'Federal Government Expenditures',\n    description: 'Total expenditures of the United States federal government. Total government spending.',\n    updateCycle: 'daily',\n    unit: 'dollar',\n    metadata: { source: 'FRED' }\n  }\n] [\n  {\n    id: 'fred_us_gdp_data_id',\n    name: 'Gross Domestic Product',\n    description: 'The total value of goods produced and services provided in the United States',\n    updateCycle: 'daily',\n    unit: 'dollar',\n    metadata: { source: 'FRED' }\n  },\n  {\n    id: 'fred_us_interest_payments_id',\n    name: 'Federal Interest Payments',\n    description: 'Federal government current expenditures on interest payments',\n    updateCycle: 'daily',\n    unit: 'dollar',\n    metadata: { source: 'FRED' }\n  },\n  {\n    id: 'fred_us_debt_gdp_ratio_id',\n    name: 'Federal Debt to GDP Ratio',\n    description: 'Ratio of federal debt held by the public to Gross Domestic Product',\n    updateCycle: 'daily',\n    unit: 'percent',\n    metadata: { source: 'FRED' }\n  },\n  {\n    id: 'treasury_treasury_bond_avg_interest_rates',\n    name: 'Treasury Bond Average Interest Rate',\n    description: 'Treasury Bond Average Interest Rate',\n    updateCycle: 'daily',\n    unit: 'percent',\n    metadata: { source: 'Treasury' }\n  },\n  {\n    id: 'fred_us_federal_receipts_id',\n    name: 'Federal Government Receipts',\n    description: 'Total receipts of the United States federal government. Total government revenue.',\n    updateCycle: 'daily',\n    unit: 'dollar',\n    metadata: { source: 'FRED' }\n  },\n  {\n    id: 'fred_us_federal_expenditures_id',\n    name: 'Federal Government Expenditures',\n    description: 'Total expenditures of the United States federal government. Total government spending.',\n    updateCycle: 'daily',\n    unit: 'dollar',\n    metadata: { source: 'FRED' }\n  }\n]"},"metadata":{"emulator":{"name":"functions"},"function":{"name":"us-central1-populateDailyEmetricData"},"extension":{},"message":"\u001b[90m> \u001b[39m {\"severity\":\"INFO\",\"message\":\"Metric registry / Daily Metric List [\\n  {\\n    id: 'fred_us_gdp_data_id',\\n    name: 'Gross Domestic Product',\\n    description: 'The total value of goods produced and services provided in the United States',\\n    updateCycle: 'daily',\\n    unit: 'dollar',\\n    metadata: { source: 'FRED' }\\n  },\\n  {\\n    id: 'fred_us_interest_payments_id',\\n    name: 'Federal Interest Payments',\\n    description: 'Federal government current expenditures on interest payments',\\n    updateCycle: 'daily',\\n    unit: 'dollar',\\n    metadata: { source: 'FRED' }\\n  },\\n  {\\n    id: 'fred_us_debt_gdp_ratio_id',\\n    name: 'Federal Debt to GDP Ratio',\\n    description: 'Ratio of federal debt held by the public to Gross Domestic Product',\\n    updateCycle: 'daily',\\n    unit: 'percent',\\n    metadata: { source: 'FRED' }\\n  },\\n  {\\n    id: 'treasury_treasury_bond_avg_interest_rates',\\n    name: 'Treasury Bond Average Interest Rate',\\n    description: 'Treasury Bond Average Interest Rate',\\n    updateCycle: 'daily',\\n    unit: 'percent',\\n    metadata: { source: 'Treasury' }\\n  },\\n  {\\n    id: 'fred_us_federal_receipts_id',\\n    name: 'Federal Government Receipts',\\n    description: 'Total receipts of the United States federal government. Total government revenue.',\\n    updateCycle: 'daily',\\n    unit: 'dollar',\\n    metadata: { source: 'FRED' }\\n  },\\n  {\\n    id: 'fred_us_federal_expenditures_id',\\n    name: 'Federal Government Expenditures',\\n    description: 'Total expenditures of the United States federal government. Total government spending.',\\n    updateCycle: 'daily',\\n    unit: 'dollar',\\n    metadata: { source: 'FRED' }\\n  }\\n] [\\n  {\\n    id: 'fred_us_gdp_data_id',\\n    name: 'Gross Domestic Product',\\n    description: 'The total value of goods produced and services provided in the United States',\\n    updateCycle: 'daily',\\n    unit: 'dollar',\\n    metadata: { source: 'FRED' }\\n  },\\n  {\\n    id: 'fred_us_interest_payments_id',\\n    name: 'Federal Interest Payments',\\n    description: 'Federal government current expenditures on interest payments',\\n    updateCycle: 'daily',\\n    unit: 'dollar',\\n    metadata: { source: 'FRED' }\\n  },\\n  {\\n    id: 'fred_us_debt_gdp_ratio_id',\\n    name: 'Federal Debt to GDP Ratio',\\n    description: 'Ratio of federal debt held by the public to Gross Domestic Product',\\n    updateCycle: 'daily',\\n    unit: 'percent',\\n    metadata: { source: 'FRED' }\\n  },\\n  {\\n    id: 'treasury_treasury_bond_avg_interest_rates',\\n    name: 'Treasury Bond Average Interest Rate',\\n    description: 'Treasury Bond Average Interest Rate',\\n    updateCycle: 'daily',\\n    unit: 'percent',\\n    metadata: { source: 'Treasury' }\\n  },\\n  {\\n    id: 'fred_us_federal_receipts_id',\\n    name: 'Federal Government Receipts',\\n    description: 'Total receipts of the United States federal government. Total government revenue.',\\n    updateCycle: 'daily',\\n    unit: 'dollar',\\n    metadata: { source: 'FRED' }\\n  },\\n  {\\n    id: 'fred_us_federal_expenditures_id',\\n    name: 'Federal Government Expenditures',\\n    description: 'Total expenditures of the United States federal government. Total government spending.',\\n    updateCycle: 'daily',\\n    unit: 'dollar',\\n    metadata: { source: 'FRED' }\\n  }\\n]\"}"}}
[info] >  {"id":"fred_us_gdp_data_id","name":"Gross Domestic Product","description":"The total value of goods produced and services provided in the United States","updateCycle":"daily","unit":"dollar","metadata":{"source":"FRED"},"severity":"INFO","message":"Process metric id fred_us_gdp_data_id"} {"user":{"id":"fred_us_gdp_data_id","name":"Gross Domestic Product","description":"The total value of goods produced and services provided in the United States","updateCycle":"daily","unit":"dollar","metadata":{"source":"FRED"},"severity":"INFO","message":"Process metric id fred_us_gdp_data_id"},"metadata":{"emulator":{"name":"functions"},"function":{"name":"us-central1-populateDailyEmetricData"},"extension":{},"message":"\u001b[90m> \u001b[39m {\"id\":\"fred_us_gdp_data_id\",\"name\":\"Gross Domestic Product\",\"description\":\"The total value of goods produced and services provided in the United States\",\"updateCycle\":\"daily\",\"unit\":\"dollar\",\"metadata\":{\"source\":\"FRED\"},\"severity\":\"INFO\",\"message\":\"Process metric id fred_us_gdp_data_id\"}"}}
[info] >  {"severity":"INFO","message":"Starting GDP data population"} {"user":{"severity":"INFO","message":"Starting GDP data population"},"metadata":{"emulator":{"name":"functions"},"function":{"name":"us-central1-populateDailyEmetricData"},"extension":{},"message":"\u001b[90m> \u001b[39m {\"severity\":\"INFO\",\"message\":\"Starting GDP data population\"}"}}
[info] >  {"severity":"INFO","message":"Fetching GDP data from FRED"} {"user":{"severity":"INFO","message":"Fetching GDP data from FRED"},"metadata":{"emulator":{"name":"functions"},"function":{"name":"us-central1-populateDailyEmetricData"},"extension":{},"message":"\u001b[90m> \u001b[39m {\"severity\":\"INFO\",\"message\":\"Fetching GDP data from FRED\"}"}}
[warn] ⚠  External network resource requested!
   - URL: "https://api.stlouisfed.org/fred/series/observations?series_id=GDP&api_key=9a76767a206fcd5664b94fe515d67260&file_type=json&observation_start=2020-05-18&observation_end=2025-05-18"
 - Be careful, this may be a production service. {"metadata":{"emulator":{"name":"functions"},"function":{"name":"us-central1-populateDailyEmetricData"},"extension":{},"message":"External network resource requested!\n   - URL: \"https://api.stlouisfed.org/fred/series/observations?series_id=GDP&api_key=9a76767a206fcd5664b94fe515d67260&file_type=json&observation_start=2020-05-18&observation_end=2025-05-18\"\n - Be careful, this may be a production service."}}
[info] >  {"id":"fred_us_interest_payments_id","name":"Federal Interest Payments","description":"Federal government current expenditures on interest payments","updateCycle":"daily","unit":"dollar","metadata":{"source":"FRED"},"severity":"INFO","message":"Process metric id fred_us_interest_payments_id"} {"user":{"id":"fred_us_interest_payments_id","name":"Federal Interest Payments","description":"Federal government current expenditures on interest payments","updateCycle":"daily","unit":"dollar","metadata":{"source":"FRED"},"severity":"INFO","message":"Process metric id fred_us_interest_payments_id"},"metadata":{"emulator":{"name":"functions"},"function":{"name":"us-central1-populateDailyEmetricData"},"extension":{},"message":"\u001b[90m> \u001b[39m {\"id\":\"fred_us_interest_payments_id\",\"name\":\"Federal Interest Payments\",\"description\":\"Federal government current expenditures on interest payments\",\"updateCycle\":\"daily\",\"unit\":\"dollar\",\"metadata\":{\"source\":\"FRED\"},\"severity\":\"INFO\",\"message\":\"Process metric id fred_us_interest_payments_id\"}"}}
[info] >  {"severity":"INFO","message":"Starting Federal Interest Payments data population"} {"user":{"severity":"INFO","message":"Starting Federal Interest Payments data population"},"metadata":{"emulator":{"name":"functions"},"function":{"name":"us-central1-populateDailyEmetricData"},"extension":{},"message":"\u001b[90m> \u001b[39m {\"severity\":\"INFO\",\"message\":\"Starting Federal Interest Payments data population\"}"}}
[info] >  {"severity":"INFO","message":"Fetching Federal Interest Payments data from FRED"} {"user":{"severity":"INFO","message":"Fetching Federal Interest Payments data from FRED"},"metadata":{"emulator":{"name":"functions"},"function":{"name":"us-central1-populateDailyEmetricData"},"extension":{},"message":"\u001b[90m> \u001b[39m {\"severity\":\"INFO\",\"message\":\"Fetching Federal Interest Payments data from FRED\"}"}}
[warn] ⚠  External network resource requested!
   - URL: "https://api.stlouisfed.org/fred/series/observations?series_id=A091RC1Q027SBEA&api_key=9a76767a206fcd5664b94fe515d67260&file_type=json&observation_start=2020-05-18&observation_end=2025-05-18"
 - Be careful, this may be a production service. {"metadata":{"emulator":{"name":"functions"},"function":{"name":"us-central1-populateDailyEmetricData"},"extension":{},"message":"External network resource requested!\n   - URL: \"https://api.stlouisfed.org/fred/series/observations?series_id=A091RC1Q027SBEA&api_key=9a76767a206fcd5664b94fe515d67260&file_type=json&observation_start=2020-05-18&observation_end=2025-05-18\"\n - Be careful, this may be a production service."}}
[info] >  {"id":"fred_us_debt_gdp_ratio_id","name":"Federal Debt to GDP Ratio","description":"Ratio of federal debt held by the public to Gross Domestic Product","updateCycle":"daily","unit":"percent","metadata":{"source":"FRED"},"severity":"INFO","message":"Process metric id fred_us_debt_gdp_ratio_id"} {"user":{"id":"fred_us_debt_gdp_ratio_id","name":"Federal Debt to GDP Ratio","description":"Ratio of federal debt held by the public to Gross Domestic Product","updateCycle":"daily","unit":"percent","metadata":{"source":"FRED"},"severity":"INFO","message":"Process metric id fred_us_debt_gdp_ratio_id"},"metadata":{"emulator":{"name":"functions"},"function":{"name":"us-central1-populateDailyEmetricData"},"extension":{},"message":"\u001b[90m> \u001b[39m {\"id\":\"fred_us_debt_gdp_ratio_id\",\"name\":\"Federal Debt to GDP Ratio\",\"description\":\"Ratio of federal debt held by the public to Gross Domestic Product\",\"updateCycle\":\"daily\",\"unit\":\"percent\",\"metadata\":{\"source\":\"FRED\"},\"severity\":\"INFO\",\"message\":\"Process metric id fred_us_debt_gdp_ratio_id\"}"}}
[info] >  {"severity":"INFO","message":"Starting Debt to GDP ratio data population"} {"user":{"severity":"INFO","message":"Starting Debt to GDP ratio data population"},"metadata":{"emulator":{"name":"functions"},"function":{"name":"us-central1-populateDailyEmetricData"},"extension":{},"message":"\u001b[90m> \u001b[39m {\"severity\":\"INFO\",\"message\":\"Starting Debt to GDP ratio data population\"}"}}
[info] >  {"severity":"INFO","message":"Fetching Debt to GDP ratio data from FRED"} {"user":{"severity":"INFO","message":"Fetching Debt to GDP ratio data from FRED"},"metadata":{"emulator":{"name":"functions"},"function":{"name":"us-central1-populateDailyEmetricData"},"extension":{},"message":"\u001b[90m> \u001b[39m {\"severity\":\"INFO\",\"message\":\"Fetching Debt to GDP ratio data from FRED\"}"}}
[warn] ⚠  External network resource requested!
   - URL: "https://api.stlouisfed.org/fred/series/observations?series_id=GFDEGDQ188S&api_key=9a76767a206fcd5664b94fe515d67260&file_type=json&observation_start=2020-05-18&observation_end=2025-05-18"
 - Be careful, this may be a production service. {"metadata":{"emulator":{"name":"functions"},"function":{"name":"us-central1-populateDailyEmetricData"},"extension":{},"message":"External network resource requested!\n   - URL: \"https://api.stlouisfed.org/fred/series/observations?series_id=GFDEGDQ188S&api_key=9a76767a206fcd5664b94fe515d67260&file_type=json&observation_start=2020-05-18&observation_end=2025-05-18\"\n - Be careful, this may be a production service."}}
[info] >  {"id":"treasury_treasury_bond_avg_interest_rates","name":"Treasury Bond Average Interest Rate","description":"Treasury Bond Average Interest Rate","updateCycle":"daily","unit":"percent","metadata":{"source":"Treasury"},"severity":"INFO","message":"Process metric id treasury_treasury_bond_avg_interest_rates"} {"user":{"id":"treasury_treasury_bond_avg_interest_rates","name":"Treasury Bond Average Interest Rate","description":"Treasury Bond Average Interest Rate","updateCycle":"daily","unit":"percent","metadata":{"source":"Treasury"},"severity":"INFO","message":"Process metric id treasury_treasury_bond_avg_interest_rates"},"metadata":{"emulator":{"name":"functions"},"function":{"name":"us-central1-populateDailyEmetricData"},"extension":{},"message":"\u001b[90m> \u001b[39m {\"id\":\"treasury_treasury_bond_avg_interest_rates\",\"name\":\"Treasury Bond Average Interest Rate\",\"description\":\"Treasury Bond Average Interest Rate\",\"updateCycle\":\"daily\",\"unit\":\"percent\",\"metadata\":{\"source\":\"Treasury\"},\"severity\":\"INFO\",\"message\":\"Process metric id treasury_treasury_bond_avg_interest_rates\"}"}}
[info] >  {"severity":"INFO","message":"Starting asyncPopulateTreasuryBondAverageInterestRateData"} {"user":{"severity":"INFO","message":"Starting asyncPopulateTreasuryBondAverageInterestRateData"},"metadata":{"emulator":{"name":"functions"},"function":{"name":"us-central1-populateDailyEmetricData"},"extension":{},"message":"\u001b[90m> \u001b[39m {\"severity\":\"INFO\",\"message\":\"Starting asyncPopulateTreasuryBondAverageInterestRateData\"}"}}
[info] >  {"severity":"INFO","message":"Fetching Treasury Bond data from Treasury API"} {"user":{"severity":"INFO","message":"Fetching Treasury Bond data from Treasury API"},"metadata":{"emulator":{"name":"functions"},"function":{"name":"us-central1-populateDailyEmetricData"},"extension":{},"message":"\u001b[90m> \u001b[39m {\"severity\":\"INFO\",\"message\":\"Fetching Treasury Bond data from Treasury API\"}"}}
[warn] ⚠  External network resource requested!
   - URL: "https://api.fiscaldata.treasury.gov/services/api/fiscal_service/v2/accounting/od/avg_interest_rates?filter=security_desc:eq:Treasury%20Bonds&page[number]=1&page[size]=1000"
 - Be careful, this may be a production service. {"metadata":{"emulator":{"name":"functions"},"function":{"name":"us-central1-populateDailyEmetricData"},"extension":{},"message":"External network resource requested!\n   - URL: \"https://api.fiscaldata.treasury.gov/services/api/fiscal_service/v2/accounting/od/avg_interest_rates?filter=security_desc:eq:Treasury%20Bonds&page[number]=1&page[size]=1000\"\n - Be careful, this may be a production service."}}
[info] >  {"id":"fred_us_federal_receipts_id","name":"Federal Government Receipts","description":"Total receipts of the United States federal government. Total government revenue.","updateCycle":"daily","unit":"dollar","metadata":{"source":"FRED"},"severity":"INFO","message":"Process metric id fred_us_federal_receipts_id"} {"user":{"id":"fred_us_federal_receipts_id","name":"Federal Government Receipts","description":"Total receipts of the United States federal government. Total government revenue.","updateCycle":"daily","unit":"dollar","metadata":{"source":"FRED"},"severity":"INFO","message":"Process metric id fred_us_federal_receipts_id"},"metadata":{"emulator":{"name":"functions"},"function":{"name":"us-central1-populateDailyEmetricData"},"extension":{},"message":"\u001b[90m> \u001b[39m {\"id\":\"fred_us_federal_receipts_id\",\"name\":\"Federal Government Receipts\",\"description\":\"Total receipts of the United States federal government. Total government revenue.\",\"updateCycle\":\"daily\",\"unit\":\"dollar\",\"metadata\":{\"source\":\"FRED\"},\"severity\":\"INFO\",\"message\":\"Process metric id fred_us_federal_receipts_id\"}"}}
[info] >  {"severity":"INFO","message":"Starting Federal Government Receipts data population"} {"user":{"severity":"INFO","message":"Starting Federal Government Receipts data population"},"metadata":{"emulator":{"name":"functions"},"function":{"name":"us-central1-populateDailyEmetricData"},"extension":{},"message":"\u001b[90m> \u001b[39m {\"severity\":\"INFO\",\"message\":\"Starting Federal Government Receipts data population\"}"}}
[info] >  {"severity":"INFO","message":"Fetching Federal Government Receipts data from FRED"} {"user":{"severity":"INFO","message":"Fetching Federal Government Receipts data from FRED"},"metadata":{"emulator":{"name":"functions"},"function":{"name":"us-central1-populateDailyEmetricData"},"extension":{},"message":"\u001b[90m> \u001b[39m {\"severity\":\"INFO\",\"message\":\"Fetching Federal Government Receipts data from FRED\"}"}}
[warn] ⚠  External network resource requested!
   - URL: "https://api.stlouisfed.org/fred/series/observations?series_id=FGRECPT&api_key=9a76767a206fcd5664b94fe515d67260&file_type=json&observation_start=2020-05-18&observation_end=2025-05-18"
 - Be careful, this may be a production service. {"metadata":{"emulator":{"name":"functions"},"function":{"name":"us-central1-populateDailyEmetricData"},"extension":{},"message":"External network resource requested!\n   - URL: \"https://api.stlouisfed.org/fred/series/observations?series_id=FGRECPT&api_key=9a76767a206fcd5664b94fe515d67260&file_type=json&observation_start=2020-05-18&observation_end=2025-05-18\"\n - Be careful, this may be a production service."}}
[info] >  {"id":"fred_us_federal_expenditures_id","name":"Federal Government Expenditures","description":"Total expenditures of the United States federal government. Total government spending.","updateCycle":"daily","unit":"dollar","metadata":{"source":"FRED"},"severity":"INFO","message":"Process metric id fred_us_federal_expenditures_id"} {"user":{"id":"fred_us_federal_expenditures_id","name":"Federal Government Expenditures","description":"Total expenditures of the United States federal government. Total government spending.","updateCycle":"daily","unit":"dollar","metadata":{"source":"FRED"},"severity":"INFO","message":"Process metric id fred_us_federal_expenditures_id"},"metadata":{"emulator":{"name":"functions"},"function":{"name":"us-central1-populateDailyEmetricData"},"extension":{},"message":"\u001b[90m> \u001b[39m {\"id\":\"fred_us_federal_expenditures_id\",\"name\":\"Federal Government Expenditures\",\"description\":\"Total expenditures of the United States federal government. Total government spending.\",\"updateCycle\":\"daily\",\"unit\":\"dollar\",\"metadata\":{\"source\":\"FRED\"},\"severity\":\"INFO\",\"message\":\"Process metric id fred_us_federal_expenditures_id\"}"}}
[info] >  {"severity":"INFO","message":"Starting Federal Government Expenditures data population"} {"user":{"severity":"INFO","message":"Starting Federal Government Expenditures data population"},"metadata":{"emulator":{"name":"functions"},"function":{"name":"us-central1-populateDailyEmetricData"},"extension":{},"message":"\u001b[90m> \u001b[39m {\"severity\":\"INFO\",\"message\":\"Starting Federal Government Expenditures data population\"}"}}
[info] >  {"severity":"INFO","message":"Fetching Federal Government Expenditures data from FRED"} {"user":{"severity":"INFO","message":"Fetching Federal Government Expenditures data from FRED"},"metadata":{"emulator":{"name":"functions"},"function":{"name":"us-central1-populateDailyEmetricData"},"extension":{},"message":"\u001b[90m> \u001b[39m {\"severity\":\"INFO\",\"message\":\"Fetching Federal Government Expenditures data from FRED\"}"}}
[warn] ⚠  External network resource requested!
   - URL: "https://api.stlouisfed.org/fred/series/observations?series_id=FGEXPND&api_key=9a76767a206fcd5664b94fe515d67260&file_type=json&observation_start=2020-05-18&observation_end=2025-05-18"
 - Be careful, this may be a production service. {"metadata":{"emulator":{"name":"functions"},"function":{"name":"us-central1-populateDailyEmetricData"},"extension":{},"message":"External network resource requested!\n   - URL: \"https://api.stlouisfed.org/fred/series/observations?series_id=FGEXPND&api_key=9a76767a206fcd5664b94fe515d67260&file_type=json&observation_start=2020-05-18&observation_end=2025-05-18\"\n - Be careful, this may be a production service."}}
[warn] ⚠  Google API requested!
   - URL: "https://oauth2.googleapis.com/token"
   - Be careful, this may be a production service. {"metadata":{"emulator":{"name":"functions"},"function":{"name":"us-central1-populateDailyEmetricData"},"extension":{},"message":"Google API requested!\n   - URL: \"https://oauth2.googleapis.com/token\"\n   - Be careful, this may be a production service."}}
[info] >  {"severity":"INFO","message":"Successfully stored 20 GDP data points"} {"user":{"severity":"INFO","message":"Successfully stored 20 GDP data points"},"metadata":{"emulator":{"name":"functions"},"function":{"name":"us-central1-populateDailyEmetricData"},"extension":{},"message":"\u001b[90m> \u001b[39m {\"severity\":\"INFO\",\"message\":\"Successfully stored 20 GDP data points\"}"}}
[info] >  {"severity":"INFO","message":"Successfully stored 19 Debt to GDP ratio data points"} {"user":{"severity":"INFO","message":"Successfully stored 19 Debt to GDP ratio data points"},"metadata":{"emulator":{"name":"functions"},"function":{"name":"us-central1-populateDailyEmetricData"},"extension":{},"message":"\u001b[90m> \u001b[39m {\"severity\":\"INFO\",\"message\":\"Successfully stored 19 Debt to GDP ratio data points\"}"}}
[info] >  {"severity":"INFO","message":"Successfully stored 20 Federal Interest Payments data points"} {"user":{"severity":"INFO","message":"Successfully stored 20 Federal Interest Payments data points"},"metadata":{"emulator":{"name":"functions"},"function":{"name":"us-central1-populateDailyEmetricData"},"extension":{},"message":"\u001b[90m> \u001b[39m {\"severity\":\"INFO\",\"message\":\"Successfully stored 20 Federal Interest Payments data points\"}"}}
[info] >  {"severity":"INFO","message":"Successfully stored 19 Federal Government Receipts data points"} {"user":{"severity":"INFO","message":"Successfully stored 19 Federal Government Receipts data points"},"metadata":{"emulator":{"name":"functions"},"function":{"name":"us-central1-populateDailyEmetricData"},"extension":{},"message":"\u001b[90m> \u001b[39m {\"severity\":\"INFO\",\"message\":\"Successfully stored 19 Federal Government Receipts data points\"}"}}
[info] >  {"severity":"INFO","message":"Successfully stored 20 Federal Government Expenditures data points"} {"user":{"severity":"INFO","message":"Successfully stored 20 Federal Government Expenditures data points"},"metadata":{"emulator":{"name":"functions"},"function":{"name":"us-central1-populateDailyEmetricData"},"extension":{},"message":"\u001b[90m> \u001b[39m {\"severity\":\"INFO\",\"message\":\"Successfully stored 20 Federal Government Expenditures data points\"}"}}
[info] >  {"severity":"INFO","message":"Successfully stored 292 Treasury Bond data points"} {"user":{"severity":"INFO","message":"Successfully stored 292 Treasury Bond data points"},"metadata":{"emulator":{"name":"functions"},"function":{"name":"us-central1-populateDailyEmetricData"},"extension":{},"message":"\u001b[90m> \u001b[39m {\"severity\":\"INFO\",\"message\":\"Successfully stored 292 Treasury Bond data points\"}"}}
[info] >  {"severity":"INFO","message":"Emetric daily data population job completed successfully"} {"user":{"severity":"INFO","message":"Emetric daily data population job completed successfully"},"metadata":{"emulator":{"name":"functions"},"function":{"name":"us-central1-populateDailyEmetricData"},"extension":{},"message":"\u001b[90m> \u001b[39m {\"severity\":\"INFO\",\"message\":\"Emetric daily data population job completed successfully\"}"}}
